2023-08-22 20:50:00,724 INFO r.h.Transaction [pool-2-thread-1] 
C номера счёта: 80 - списано: 1742
На номерe счёта: 21 - начислено: 1742
Баланс по счёту 80 состовляет 8258
Баланс по счёту 21 состовляет 11742
2023-08-22 20:50:00,876 INFO r.h.Transaction [pool-2-thread-3] 
C номера счёта: 2 - списано: 6007
На номерe счёта: 77 - начислено: 6007
Баланс по счёту 2 состовляет 3993
Баланс по счёту 77 состовляет 16007
2023-08-22 20:50:00,883 INFO r.h.Transaction [pool-2-thread-2] 
C номера счёта: 82 - списано: 2508
На номерe счёта: 45 - начислено: 2508
Баланс по счёту 82 состовляет 7492
Баланс по счёту 45 состовляет 12508
2023-08-22 20:50:03,232 INFO r.h.Transaction [pool-2-thread-3] 
C номера счёта: 84 - списано: 6724
На номерe счёта: 82 - начислено: 6724
Баланс по счёту 84 состовляет 3276
Баланс по счёту 82 состовляет 14216
2023-08-22 20:50:04,063 INFO r.h.Transaction [pool-2-thread-1] 
C номера счёта: 2 - списано: 2367
На номерe счёта: 77 - начислено: 2367
Баланс по счёту 2 состовляет 1626
Баланс по счёту 77 состовляет 18374
2023-08-22 20:50:04,370 ERROR r.h.Transaction [pool-2-thread-2] 
На номерe счёта: 2 не достаточно денег для перевода
2023-08-22 20:50:06,742 INFO r.h.Transaction [pool-2-thread-3] 
C номера счёта: 77 - списано: 5928
На номерe счёта: 2 - начислено: 5928
Баланс по счёту 77 состовляет 12446
Баланс по счёту 2 состовляет 7554
2023-08-22 20:50:07,430 INFO r.h.Transaction [pool-2-thread-2] 
C номера счёта: 77 - списано: 5872
На номерe счёта: 82 - начислено: 5872
Баланс по счёту 77 состовляет 6574
Баланс по счёту 82 состовляет 20088
2023-08-22 20:50:07,600 INFO r.h.Transaction [pool-2-thread-1] 
C номера счёта: 21 - списано: 6816
На номерe счёта: 77 - начислено: 6816
Баланс по счёту 21 состовляет 4926
Баланс по счёту 77 состовляет 13390
2023-08-22 20:50:09,712 INFO r.h.Transaction [pool-2-thread-3] 
C номера счёта: 2 - списано: 2609
На номерe счёта: 45 - начислено: 2609
Баланс по счёту 2 состовляет 4945
Баланс по счёту 45 состовляет 15117
2023-08-22 20:50:09,985 ERROR r.h.Transaction [pool-2-thread-1] 
На номерe счёта: 84 не достаточно денег для перевода
2023-08-22 20:50:10,881 INFO r.h.Transaction [pool-2-thread-2] 
C номера счёта: 34 - списано: 1724
На номерe счёта: 21 - начислено: 1724
Баланс по счёту 34 состовляет 8276
Баланс по счёту 21 состовляет 6650
2023-08-22 20:50:13,367 INFO r.h.Transaction [pool-2-thread-1] 
C номера счёта: 81 - списано: 3453
На номерe счёта: 84 - начислено: 3453
Баланс по счёту 81 состовляет 6547
Баланс по счёту 84 состовляет 6729
2023-08-22 20:50:13,539 INFO r.h.Transaction [pool-2-thread-3] 
C номера счёта: 82 - списано: 6104
На номерe счёта: 77 - начислено: 6104
Баланс по счёту 82 состовляет 13984
Баланс по счёту 77 состовляет 19494
2023-08-22 20:50:14,053 INFO r.h.Transaction [pool-2-thread-2] 
C номера счёта: 82 - списано: 2723
На номерe счёта: 81 - начислено: 2723
Баланс по счёту 82 состовляет 11261
Баланс по счёту 81 состовляет 9270
2023-08-22 20:50:16,324 ERROR r.h.Transaction [pool-2-thread-1] 
На номерe счёта: 2 не достаточно денег для перевода
2023-08-22 20:50:17,001 INFO r.h.Transaction [pool-2-thread-3] 
C номера счёта: 82 - списано: 6420
На номерe счёта: 77 - начислено: 6420
Баланс по счёту 82 состовляет 4841
Баланс по счёту 77 состовляет 25914
2023-08-22 20:50:17,144 INFO r.h.Transaction [pool-2-thread-2] 
C номера счёта: 81 - списано: 1171
На номерe счёта: 84 - начислено: 1171
Баланс по счёту 81 состовляет 8099
Баланс по счёту 84 состовляет 7900
2023-08-22 20:50:20,062 INFO r.h.Transaction [pool-2-thread-2] 
C номера счёта: 82 - списано: 4542
На номерe счёта: 2 - начислено: 4542
Баланс по счёту 82 состовляет 299
Баланс по счёту 2 состовляет 9487
2023-08-22 20:50:20,164 INFO r.h.Transaction [pool-2-thread-1] 
C номера счёта: 84 - списано: 1185
На номерe счёта: 21 - начислено: 1185
Баланс по счёту 84 состовляет 6715
Баланс по счёту 21 состовляет 7835
2023-08-22 20:50:20,559 INFO r.h.Transaction [pool-2-thread-3] 
C номера счёта: 81 - списано: 6967
На номерe счёта: 84 - начислено: 6967
Баланс по счёту 81 состовляет 1132
Баланс по счёту 84 состовляет 13682
2023-08-22 20:50:23,214 INFO r.h.Transaction [pool-2-thread-2] 
C номера счёта: 84 - списано: 1250
На номерe счёта: 80 - начислено: 1250
Баланс по счёту 84 состовляет 12432
Баланс по счёту 80 состовляет 9508
2023-08-22 20:50:23,398 INFO r.h.Transaction [pool-2-thread-1] 
C номера счёта: 2 - списано: 1354
На номерe счёта: 77 - начислено: 1354
Баланс по счёту 2 состовляет 8133
Баланс по счёту 77 состовляет 27268
2023-08-22 20:50:23,755 INFO r.h.Transaction [pool-2-thread-3] 
C номера счёта: 2 - списано: 2532
На номерe счёта: 82 - начислено: 2532
Баланс по счёту 2 состовляет 5601
Баланс по счёту 82 состовляет 2831
2023-08-22 20:50:26,602 ERROR r.h.Transaction [pool-2-thread-1] 
На номерe счёта: 81 не достаточно денег для перевода
2023-08-22 20:50:26,711 INFO r.h.Transaction [pool-2-thread-2] 
C номера счёта: 21 - списано: 6081
На номерe счёта: 80 - начислено: 6081
Баланс по счёту 21 состовляет 1754
Баланс по счёту 80 состовляет 15589
2023-08-22 20:50:26,773 ERROR r.h.Transaction [pool-2-thread-3] 
На номерe счёта: 81 не достаточно денег для перевода
2023-08-22 20:50:28,991 INFO r.h.Transaction [pool-2-thread-2] 
C номера счёта: 21 - списано: 1656
На номерe счёта: 62 - начислено: 1656
Баланс по счёту 21 состовляет 98
Баланс по счёту 62 состовляет 11656
2023-08-22 20:50:29,454 INFO r.h.Transaction [pool-2-thread-3] 
C номера счёта: 62 - списано: 4047
На номерe счёта: 81 - начислено: 4047
Баланс по счёту 62 состовляет 7609
Баланс по счёту 81 состовляет 5179
2023-08-22 20:50:29,990 INFO r.h.Transaction [pool-2-thread-1] 
C номера счёта: 45 - списано: 1295
На номерe счёта: 21 - начислено: 1295
Баланс по счёту 45 состовляет 13822
Баланс по счёту 21 состовляет 1393
